0 info it worked if it ends with ok
1 verbose cli [ 'C:\\Program Files\\nodejs\\node.exe',
1 verbose cli   'C:\\Users\\lukea\\AppData\\Roaming\\npm\\node_modules\\npm\\bin\\npm-cli.js',
1 verbose cli   'publish',
1 verbose cli   './' ]
2 info using npm@3.10.9
3 info using node@v6.7.0
4 verbose publish [ './' ]
5 silly cache add args [ './', null ]
6 verbose cache add spec ./
7 silly cache add parsed spec Result {
7 silly cache add   raw: './',
7 silly cache add   scope: null,
7 silly cache add   escapedName: null,
7 silly cache add   name: null,
7 silly cache add   rawSpec: './',
7 silly cache add   spec: 'C:\\Users\\lukea\\.babun\\cygwin\\home\\lukea\\serialfs_es6\\gen\\release',
7 silly cache add   type: 'directory' }
8 verbose addLocalDirectory C:\Users\lukea\AppData\Roaming\npm-cache\serialfs\0.0.12\package.tgz not in flight; packing
9 verbose correctMkdir C:\Users\lukea\AppData\Roaming\npm-cache correctMkdir not in flight; initializing
10 info lifecycle serialfs@0.0.12~prepublish: serialfs@0.0.12
11 silly lifecycle serialfs@0.0.12~prepublish: no script for prepublish, continuing
12 verbose tar pack [ 'C:\\Users\\lukea\\AppData\\Roaming\\npm-cache\\serialfs\\0.0.12\\package.tgz',
12 verbose tar pack   'C:\\Users\\lukea\\.babun\\cygwin\\home\\lukea\\serialfs_es6\\gen\\release' ]
13 verbose tarball C:\Users\lukea\AppData\Roaming\npm-cache\serialfs\0.0.12\package.tgz
14 verbose folder C:\Users\lukea\.babun\cygwin\home\lukea\serialfs_es6\gen\release
15 verbose addLocalTarball adding from inside cache C:\Users\lukea\AppData\Roaming\npm-cache\serialfs\0.0.12\package.tgz
16 verbose correctMkdir C:\Users\lukea\AppData\Roaming\npm-cache correctMkdir not in flight; initializing
17 silly cache afterAdd serialfs@0.0.12
18 verbose afterAdd C:\Users\lukea\AppData\Roaming\npm-cache\serialfs\0.0.12\package\package.json not in flight; writing
19 verbose correctMkdir C:\Users\lukea\AppData\Roaming\npm-cache correctMkdir not in flight; initializing
20 verbose afterAdd C:\Users\lukea\AppData\Roaming\npm-cache\serialfs\0.0.12\package\package.json written
21 silly publish { name: 'serialfs',
21 silly publish   version: '0.0.12',
21 silly publish   description: 'creates an object / string representation of a file system',
21 silly publish   main: 'src/serialfs/serialfs.js',
21 silly publish   scripts: { test: 'ava' },
21 silly publish   repository: { type: 'git', url: '-' },
21 silly publish   keywords: [ '-' ],
21 silly publish   author: { name: 'cogmob' },
21 silly publish   license: 'Apache-2.0',
21 silly publish   devDependencies:
21 silly publish    { async: '^2.1.4',
21 silly publish      ava: '^0.16.0',
21 silly publish      'babel-cli': '^6.16.0',
21 silly publish      'babel-preset-es2015': '^6.16.0',
21 silly publish      del: '^2.2.2',
21 silly publish      gulp: '^3.9.1',
21 silly publish      'gulp-babel': '^6.1.2',
21 silly publish      'gulp-debug': '^2.1.2',
21 silly publish      'gulp-sequence': '^0.4.6',
21 silly publish      'js-yaml': '^3.6.1',
21 silly publish      'npm-bump': '0.0.20',
21 silly publish      tap: '^7.1.2',
21 silly publish      'tap-difflet': '^0.7.0',
21 silly publish      tape: '^4.6.2',
21 silly publish      'vargs-callback': '^0.2.4' },
21 silly publish   ava:
21 silly publish    { files: [ 'src/**/*test.js' ],
21 silly publish      tap: true,
21 silly publish      verbose: true,
21 silly publish      powerAssert: true },
21 silly publish   dependencies: { 'js-yaml': '^3.6.1' },
21 silly publish   readme: 'Creates an object / string representation of a file system recursively. Useful\nfor writing unit tests for a utility that modifies files.\n\n# usage\n\n```shell\nnpm install --save serialfs\n```\n\n```javascript\nconst serialfs = require(\'serialfs\');\n\nserialfs.obj(\'subfolder\', (err, res) => {\n    console.log(res);}); // ["file1", "file2"]\nserialfs.obj(\'subfolder\', {contents: false}, (err, res) => {\n    console.log(res);}); // ["", ""]"\nserialfs.yaml(\'subfolder\', (err, res) => {\n    console.log(res);}); // "- file1 \\n- file2"\n```\n',
21 silly publish   readmeFilename: 'README.md',
21 silly publish   _id: 'serialfs@0.0.12',
21 silly publish   _shasum: '1bee11ebf55ecd681410b1ca6595f816d85b2fba',
21 silly publish   _from: '.' }
22 verbose getPublishConfig undefined
23 silly mapToRegistry name serialfs
24 silly mapToRegistry using default registry
25 silly mapToRegistry registry https://registry.npmjs.org/
26 silly mapToRegistry data Result {
26 silly mapToRegistry   raw: 'serialfs',
26 silly mapToRegistry   scope: null,
26 silly mapToRegistry   escapedName: 'serialfs',
26 silly mapToRegistry   name: 'serialfs',
26 silly mapToRegistry   rawSpec: '',
26 silly mapToRegistry   spec: 'latest',
26 silly mapToRegistry   type: 'tag' }
27 silly mapToRegistry uri https://registry.npmjs.org/serialfs
28 verbose publish registryBase https://registry.npmjs.org/
29 silly publish uploading C:\Users\lukea\AppData\Roaming\npm-cache\serialfs\0.0.12\package.tgz
30 verbose request uri https://registry.npmjs.org/serialfs
31 verbose request sending authorization for write operation
32 info attempt registry request try #1 at 10:10:26 PM
33 verbose request using bearer token for auth
34 verbose request id 4f013ae5d18be6cf
35 http request PUT https://registry.npmjs.org/serialfs
36 info retry will retry, error on last attempt: Error: getaddrinfo ENOTFOUND registry.npmjs.org registry.npmjs.org:443
37 info attempt registry request try #2 at 10:10:47 PM
38 verbose request using bearer token for auth
39 http request PUT https://registry.npmjs.org/serialfs
40 info retry will retry, error on last attempt: Error: getaddrinfo ENOTFOUND registry.npmjs.org registry.npmjs.org:443
41 info attempt registry request try #3 at 10:11:58 PM
42 verbose request using bearer token for auth
43 http request PUT https://registry.npmjs.org/serialfs
44 verbose request invalidating C:\Users\lukea\AppData\Roaming\npm-cache\registry.npmjs.org\serialfs on PUT
45 error publish Failed PUT undefined
46 verbose stack Error: connect ETIMEDOUT 1.1.1.1:443
46 verbose stack     at Object.exports._errnoException (util.js:1036:11)
46 verbose stack     at exports._exceptionWithHostPort (util.js:1059:20)
46 verbose stack     at TCPConnectWrap.afterConnect [as oncomplete] (net.js:1080:14)
47 verbose cwd C:\Users\lukea\.babun\cygwin\home\lukea\serialfs_es6\gen\release
48 error Windows_NT 10.0.14393
49 error argv "C:\\Program Files\\nodejs\\node.exe" "C:\\Users\\lukea\\AppData\\Roaming\\npm\\node_modules\\npm\\bin\\npm-cli.js" "publish" "./"
50 error node v6.7.0
51 error npm  v3.10.9
52 error code ETIMEDOUT
53 error errno ETIMEDOUT
54 error syscall connect
55 error network connect ETIMEDOUT 1.1.1.1:443
56 error network This is most likely not a problem with npm itself
56 error network and is related to network connectivity.
56 error network In most cases you are behind a proxy or have bad network settings.
56 error network
56 error network If you are behind a proxy, please make sure that the
56 error network 'proxy' config is set properly.  See: 'npm help config'
57 verbose exit [ 1, true ]
